[NX Daemon Server] - 2025-08-04T23:26:26.183Z - Started listening on: /var/folders/8m/f5ngmpns40d028kw_5tvsqw40000gn/T/b577f03d01e5cbefd783/d.sock
[NX Daemon Server] - 2025-08-04T23:26:26.184Z - [WATCHER]: Subscribed to changes within: /Users/peterdescamps/WebstormProjects/softres (native)
[NX Daemon Server] - 2025-08-04T23:26:26.190Z - Established a connection. Number of open connections: 1
[NX Daemon Server] - 2025-08-04T23:26:26.190Z - Established a connection. Number of open connections: 2
[NX Daemon Server] - 2025-08-04T23:26:26.190Z - Closed a connection. Number of open connections: 1
[NX Daemon Server] - 2025-08-04T23:26:26.191Z - [REQUEST]: Responding to the client. handleGlob
[NX Daemon Server] - 2025-08-04T23:26:26.191Z - Done responding to the client handleGlob
[NX Daemon Server] - 2025-08-04T23:26:26.191Z - Handled GLOB. Handling time: 0. Response time: 0.
[NX Daemon Server] - 2025-08-04T23:26:26.195Z - [REQUEST]: Responding to the client. handleNxWorkspaceFiles
[NX Daemon Server] - 2025-08-04T23:26:26.195Z - Done responding to the client handleNxWorkspaceFiles
[NX Daemon Server] - 2025-08-04T23:26:26.195Z - Handled GET_NX_WORKSPACE_FILES. Handling time: 0. Response time: 0.
[NX Daemon Server] - 2025-08-04T23:26:26.246Z - [WATCHER]: .nx/workspace-data/d/server-process.json was created or restored
[NX Daemon Server] - 2025-08-04T23:26:26.302Z - Closed a connection. Number of open connections: 0
[NX Daemon Server] - 2025-08-04T23:26:26.421Z - [REQUEST]: Updated workspace context based on watched changes, recomputing project graph...
[NX Daemon Server] - 2025-08-04T23:26:26.421Z - [REQUEST]: .nx/workspace-data/d/server-process.json
[NX Daemon Server] - 2025-08-04T23:26:26.421Z - [REQUEST]: 
[NX Daemon Server] - 2025-08-04T23:26:26.423Z - Time taken for 'loadNxPlugins' 72.26712500000002ms
[NX Daemon Server] - 2025-08-04T23:26:26.432Z - Time taken for 'build-project-configs' 3.4709170000000427ms
[NX Daemon Server] - 2025-08-04T23:26:26.433Z - Time taken for 'total execution time for createProjectGraph()' 2.4265829999999937ms
[NX Daemon Server] - 2025-08-04T23:26:26.488Z - [WATCHER]: Processing file changes in outputs
[NX Daemon Server] - 2025-08-04T23:26:26.488Z - [WATCHER]: Stopping the watcher for /Users/peterdescamps/WebstormProjects/softres (sources)
[NX Daemon Server] - 2025-08-04T23:26:26.488Z - [WATCHER]: Stopping the watcher for /Users/peterdescamps/WebstormProjects/softres (outputs)
[NX Daemon Server] - 2025-08-04T23:26:26.488Z - Server stopped because: "LOCK_FILES_CHANGED"
